<?xml version="1.0" encoding="UTF-8"?>
<!-- Generated by org.testng.reporters.JUnitReportReporter -->
<testsuite hostname="DESKTOP-IEPVL3O" failures="0" tests="1" name="march25.Property_File" time="0.959" errors="0" timestamp="27 Mar 2023 06:15:45 GMT">
  <testcase classname="march25.Property_File" name="verifyLogin" time="0.959"/>
</testsuite> <!-- march25.Property_File -->
