<?xml version="1.0" encoding="UTF-8"?>
<!-- Generated by org.testng.reporters.JUnitReportReporter -->
<testsuite hostname="DESKTOP-IEPVL3O" failures="0" tests="1" name="march25.AdvanvedaReport" time="8.409" errors="0" timestamp="27 Mar 2023 06:18:44 GMT">
  <testcase classname="march25.AdvanvedaReport" name="testcase1" time="8.409"/>
</testsuite> <!-- march25.AdvanvedaReport -->
